<?xml version="1.0" encoding="UTF-8"?>
<!-- Generated by org.testng.reporters.JUnitXMLReporter -->
<testsuite ignored="3" hostname="MAVBCP1174" failures="0" tests="2" name="Grouping Scenarios" time="0.147" errors="0" timestamp="2021-12-02T16:17:56 IST">
  <testcase classname="com.testNG.Grouping" name="test10" time="0.022"/>
  <testcase classname="com.testNG.Grouping" name="test20" time="0.006"/>
  <testcase classname="com.testNG.Grouping" name="test22" time="0.0">
    <ignored/>
  </testcase> <!-- test22 -->
  <testcase classname="com.testNG.Grouping" name="test5" time="0.0">
    <ignored/>
  </testcase> <!-- test5 -->
  <testcase classname="com.testNG.Grouping" name="test15" time="0.0">
    <ignored/>
  </testcase> <!-- test15 -->
</testsuite> <!-- Grouping Scenarios -->
