<?xml version="1.0" encoding="UTF-8"?>
<!-- Generated by org.testng.reporters.JUnitXMLReporter -->
<testsuite ignored="0" hostname="MAVBCP1174" failures="0" tests="3" name="Test" time="0.106" errors="0" timestamp="2021-12-02T16:34:50 IST">
  <testcase classname="com.testNG.DataProviders" name="testMethod1" time="0.008"/>
  <testcase classname="com.testNG.DataProviders" name="testMethod1" time="0.002"/>
  <testcase classname="com.testNG.DataProviders" name="testMethod1" time="0.002"/>
</testsuite> <!-- Test -->
