<?xml version="1.0" encoding="UTF-8"?>
<testng-results ignored="0" total="2" passed="2" failed="0" skipped="0">
  <reporter-output>
  </reporter-output>
  <suite started-at="2021-12-02T16:52:34 IST" name="Paralle Classes Test Suite" finished-at="2021-12-02T16:52:34 IST" duration-ms="115">
    <groups>
    </groups>
    <test started-at="2021-12-02T16:52:34 IST" name="Parallel Classes Scenarios" finished-at="2021-12-02T16:52:34 IST" duration-ms="115">
      <class name="com.testNG.ParallelTwo">
        <test-method signature="testCase1()[pri:0, instance:com.testNG.ParallelTwo@61386958]" started-at="2021-12-02T16:52:34 IST" name="testCase1" finished-at="2021-12-02T16:52:34 IST" duration-ms="21" status="PASS">
          <reporter-output>
          </reporter-output>
        </test-method> <!-- testCase1 -->
      </class> <!-- com.testNG.ParallelTwo -->
      <class name="com.testNG.ParallelOne">
        <test-method signature="testCase1()[pri:0, instance:com.testNG.ParallelOne@e1de817]" started-at="2021-12-02T16:52:34 IST" name="testCase1" finished-at="2021-12-02T16:52:34 IST" duration-ms="21" status="PASS">
          <reporter-output>
          </reporter-output>
        </test-method> <!-- testCase1 -->
      </class> <!-- com.testNG.ParallelOne -->
    </test> <!-- Parallel Classes Scenarios -->
  </suite> <!-- Paralle Classes Test Suite -->
</testng-results>
